狀態 8 衝突：1 項縮減/縮減
狀態 46 衝突：1 項偏移/縮減，1 項縮減/縮減
狀態 117 衝突：7 項偏移/縮減


文法

    0 $accept: Goal $end

    1 Goal: MainClass ClassDecs

    2 MainClass: CLASS IDENTIFIER LLBR PUBLIC STATIC VOID MAIN LSBR STRING LMBR RMBR IDENTIFIER RSBR LLBR Statement RLBR RLBR

    3 ClassDecs: ClassDec ClassDecs
    4          | ClassDec
    5          | /* 空白 */

    6 ClassDec: CLASS IDENTIFIER ExtendId LLBR VarDecs MethodDecs RLBR

    7 ExtendId: EXTENDS IDENTIFIER
    8         | /* 空白 */

    9 VarDecs: VarDecs VarDec
   10        | /* 空白 */

   11 VarDec: Type IDENTIFIER SEMI

   12 TypeIds: Type IDENTIFIER TypeIds0
   13        | /* 空白 */

   14 TypeIds0: TypeIds1 TypeIds1
   15         | /* 空白 */

   16 TypeIds1: COMMA Type IDENTIFIER
   17         | /* 空白 */

   18 Statements: Statement Statements
   19           | /* 空白 */

   20 MethodDecs: MethodDec MethodDecs
   21           | /* 空白 */

   22 MethodDec: PUBLIC Type IDENTIFIER LSBR TypeIds RSBR LLBR VarDecs Statements RETURN Expression SEMI RLBR

   23 Type: INT LMBR RMBR
   24     | BOOLEAN
   25     | INT
   26     | IDENTIFIER

   27 IDENTIFIERX: LMBR Expression RMBR EQ Expression SEMI
   28            | EQ Expression SEMI

   29 Statement: LLBR Statements RLBR
   30          | IF LSBR Expression RSBR Statement ELSE Statement
   31          | WHILE LSBR Expression RSBR Statement
   32          | SYSPRINT LSBR Expression RSBR SEMI
   33          | IDENTIFIER IDENTIFIERX

   34 Operator: AND
   35         | LESS
   36         | ADD
   37         | MINUS
   38         | STAR

   39 Expressions: Expression Expression0
   40            | /* 空白 */

   41 Expression0: Expression1 Expression0
   42            | /* 空白 */

   43 Expression1: COMMA Expression

   44 Expression: Expression Operator Expression
   45           | Expression LMBR Expression RMBR
   46           | Expression PERIOD LENGTH
   47           | Expression PERIOD IDENTIFIER LSBR Expressions RSBR
   48           | INT_LIT
   49           | TRUE
   50           | FALSE
   51           | IDENTIFIER
   52           | THIS
   53           | NEW INT LMBR Expression RMBR
   54           | NEW IDENTIFIER LSBR RSBR
   55           | EXCLA Expression
   56           | LSBR Expression RSBR


終結語詞，附有它們出現處的規則

$end (0) 0
error (256)
LENGTH (258) 46
MAIN (259) 2
VOID (260) 2
STATIC (261) 2
PUBLIC (262) 2 22
EXTENDS (263) 7
CLASS (264) 2 6
PERIOD (265) 46 47
SEMI (266) 11 22 27 28 32
COMMA (267) 16 43
RSBR (268) 2 22 30 31 32 47 54 56
LSBR (269) 2 22 30 31 32 47 54 56
RMBR (270) 2 23 27 45 53
LMBR (271) 2 23 27 45 53
RLBR (272) 2 6 22 29
LLBR (273) 2 6 22 29
IDENTIFIER (274) 2 6 7 11 12 16 22 26 33 47 51 54
EXCLA (275) 55
NEW (276) 53 54
INT_LIT (277) 48
BOOLEAN (278) 24
INT (279) 23 25 53
STRING (280) 2
SYSPRINT (281) 32
RETURN (282) 22
THIS (283) 52
FALSE (284) 50
TRUE (285) 49
WHILE (286) 31
ELSE (287) 30
IF (288) 30
STAR (289) 38
MINUS (290) 37
ADD (291) 36
LESS (292) 35
AND (293) 34
EQ (294) 27 28


非終結語詞，附有它們出現處的規則

$accept (40)
    於左側： 0
Goal (41)
    於左側： 1, 於右側： 0
MainClass (42)
    於左側： 2, 於右側： 1
ClassDecs (43)
    於左側： 3 4 5, 於右側： 1 3
ClassDec (44)
    於左側： 6, 於右側： 3 4
ExtendId (45)
    於左側： 7 8, 於右側： 6
VarDecs (46)
    於左側： 9 10, 於右側： 6 9 22
VarDec (47)
    於左側： 11, 於右側： 9
TypeIds (48)
    於左側： 12 13, 於右側： 22
TypeIds0 (49)
    於左側： 14 15, 於右側： 12
TypeIds1 (50)
    於左側： 16 17, 於右側： 14
Statements (51)
    於左側： 18 19, 於右側： 18 22 29
MethodDecs (52)
    於左側： 20 21, 於右側： 6 20
MethodDec (53)
    於左側： 22, 於右側： 20
Type (54)
    於左側： 23 24 25 26, 於右側： 11 12 16 22
IDENTIFIERX (55)
    於左側： 27 28, 於右側： 33
Statement (56)
    於左側： 29 30 31 32 33, 於右側： 2 18 30 31
Operator (57)
    於左側： 34 35 36 37 38, 於右側： 44
Expressions (58)
    於左側： 39 40, 於右側： 47
Expression0 (59)
    於左側： 41 42, 於右側： 39 41
Expression1 (60)
    於左側： 43, 於右側： 41
Expression (61)
    於左側： 44 45 46 47 48 49 50 51 52 53 54 55 56, 於右側：
    22 27 28 30 31 32 39 43 44 45 46 47 53 55 56


狀態 0

    0 $accept: . Goal $end

    CLASS  偏移，並進入狀態 1

    Goal       進入狀態 2
    MainClass  進入狀態 3


狀態 1

    2 MainClass: CLASS . IDENTIFIER LLBR PUBLIC STATIC VOID MAIN LSBR STRING LMBR RMBR IDENTIFIER RSBR LLBR Statement RLBR RLBR

    IDENTIFIER  偏移，並進入狀態 4


狀態 2

    0 $accept: Goal . $end

    $end  偏移，並進入狀態 5


狀態 3

    1 Goal: MainClass . ClassDecs

    CLASS  偏移，並進入狀態 6

    $預設  使用規則 5 以縮減 (ClassDecs)

    ClassDecs  進入狀態 7
    ClassDec   進入狀態 8


狀態 4

    2 MainClass: CLASS IDENTIFIER . LLBR PUBLIC STATIC VOID MAIN LSBR STRING LMBR RMBR IDENTIFIER RSBR LLBR Statement RLBR RLBR

    LLBR  偏移，並進入狀態 9


狀態 5

    0 $accept: Goal $end .

    $預設  接受


狀態 6

    6 ClassDec: CLASS . IDENTIFIER ExtendId LLBR VarDecs MethodDecs RLBR

    IDENTIFIER  偏移，並進入狀態 10


狀態 7

    1 Goal: MainClass ClassDecs .

    $預設  使用規則 1 以縮減 (Goal)


狀態 8

    3 ClassDecs: ClassDec . ClassDecs
    4          | ClassDec .

    CLASS  偏移，並進入狀態 6

    $end     使用規則 4 以縮減 (ClassDecs)
    $end     [使用規則 5 以縮減 (ClassDecs)]
    $預設  使用規則 4 以縮減 (ClassDecs)

    ClassDecs  進入狀態 11
    ClassDec   進入狀態 8


狀態 9

    2 MainClass: CLASS IDENTIFIER LLBR . PUBLIC STATIC VOID MAIN LSBR STRING LMBR RMBR IDENTIFIER RSBR LLBR Statement RLBR RLBR

    PUBLIC  偏移，並進入狀態 12


狀態 10

    6 ClassDec: CLASS IDENTIFIER . ExtendId LLBR VarDecs MethodDecs RLBR

    EXTENDS  偏移，並進入狀態 13

    $預設  使用規則 8 以縮減 (ExtendId)

    ExtendId  進入狀態 14


狀態 11

    3 ClassDecs: ClassDec ClassDecs .

    $預設  使用規則 3 以縮減 (ClassDecs)


狀態 12

    2 MainClass: CLASS IDENTIFIER LLBR PUBLIC . STATIC VOID MAIN LSBR STRING LMBR RMBR IDENTIFIER RSBR LLBR Statement RLBR RLBR

    STATIC  偏移，並進入狀態 15


狀態 13

    7 ExtendId: EXTENDS . IDENTIFIER

    IDENTIFIER  偏移，並進入狀態 16


狀態 14

    6 ClassDec: CLASS IDENTIFIER ExtendId . LLBR VarDecs MethodDecs RLBR

    LLBR  偏移，並進入狀態 17


狀態 15

    2 MainClass: CLASS IDENTIFIER LLBR PUBLIC STATIC . VOID MAIN LSBR STRING LMBR RMBR IDENTIFIER RSBR LLBR Statement RLBR RLBR

    VOID  偏移，並進入狀態 18


狀態 16

    7 ExtendId: EXTENDS IDENTIFIER .

    $預設  使用規則 7 以縮減 (ExtendId)


狀態 17

    6 ClassDec: CLASS IDENTIFIER ExtendId LLBR . VarDecs MethodDecs RLBR

    $預設  使用規則 10 以縮減 (VarDecs)

    VarDecs  進入狀態 19


狀態 18

    2 MainClass: CLASS IDENTIFIER LLBR PUBLIC STATIC VOID . MAIN LSBR STRING LMBR RMBR IDENTIFIER RSBR LLBR Statement RLBR RLBR

    MAIN  偏移，並進入狀態 20


狀態 19

    6 ClassDec: CLASS IDENTIFIER ExtendId LLBR VarDecs . MethodDecs RLBR
    9 VarDecs: VarDecs . VarDec

    PUBLIC      偏移，並進入狀態 21
    IDENTIFIER  偏移，並進入狀態 22
    BOOLEAN     偏移，並進入狀態 23
    INT         偏移，並進入狀態 24

    $預設  使用規則 21 以縮減 (MethodDecs)

    VarDec      進入狀態 25
    MethodDecs  進入狀態 26
    MethodDec   進入狀態 27
    Type        進入狀態 28


狀態 20

    2 MainClass: CLASS IDENTIFIER LLBR PUBLIC STATIC VOID MAIN . LSBR STRING LMBR RMBR IDENTIFIER RSBR LLBR Statement RLBR RLBR

    LSBR  偏移，並進入狀態 29


狀態 21

   22 MethodDec: PUBLIC . Type IDENTIFIER LSBR TypeIds RSBR LLBR VarDecs Statements RETURN Expression SEMI RLBR

    IDENTIFIER  偏移，並進入狀態 22
    BOOLEAN     偏移，並進入狀態 23
    INT         偏移，並進入狀態 24

    Type  進入狀態 30


狀態 22

   26 Type: IDENTIFIER .

    $預設  使用規則 26 以縮減 (Type)


狀態 23

   24 Type: BOOLEAN .

    $預設  使用規則 24 以縮減 (Type)


狀態 24

   23 Type: INT . LMBR RMBR
   25     | INT .

    LMBR  偏移，並進入狀態 31

    $預設  使用規則 25 以縮減 (Type)


狀態 25

    9 VarDecs: VarDecs VarDec .

    $預設  使用規則 9 以縮減 (VarDecs)


狀態 26

    6 ClassDec: CLASS IDENTIFIER ExtendId LLBR VarDecs MethodDecs . RLBR

    RLBR  偏移，並進入狀態 32


狀態 27

   20 MethodDecs: MethodDec . MethodDecs

    PUBLIC  偏移，並進入狀態 21

    $預設  使用規則 21 以縮減 (MethodDecs)

    MethodDecs  進入狀態 33
    MethodDec   進入狀態 27


狀態 28

   11 VarDec: Type . IDENTIFIER SEMI

    IDENTIFIER  偏移，並進入狀態 34


狀態 29

    2 MainClass: CLASS IDENTIFIER LLBR PUBLIC STATIC VOID MAIN LSBR . STRING LMBR RMBR IDENTIFIER RSBR LLBR Statement RLBR RLBR

    STRING  偏移，並進入狀態 35


狀態 30

   22 MethodDec: PUBLIC Type . IDENTIFIER LSBR TypeIds RSBR LLBR VarDecs Statements RETURN Expression SEMI RLBR

    IDENTIFIER  偏移，並進入狀態 36


狀態 31

   23 Type: INT LMBR . RMBR

    RMBR  偏移，並進入狀態 37


狀態 32

    6 ClassDec: CLASS IDENTIFIER ExtendId LLBR VarDecs MethodDecs RLBR .

    $預設  使用規則 6 以縮減 (ClassDec)


狀態 33

   20 MethodDecs: MethodDec MethodDecs .

    $預設  使用規則 20 以縮減 (MethodDecs)


狀態 34

   11 VarDec: Type IDENTIFIER . SEMI

    SEMI  偏移，並進入狀態 38


狀態 35

    2 MainClass: CLASS IDENTIFIER LLBR PUBLIC STATIC VOID MAIN LSBR STRING . LMBR RMBR IDENTIFIER RSBR LLBR Statement RLBR RLBR

    LMBR  偏移，並進入狀態 39


狀態 36

   22 MethodDec: PUBLIC Type IDENTIFIER . LSBR TypeIds RSBR LLBR VarDecs Statements RETURN Expression SEMI RLBR

    LSBR  偏移，並進入狀態 40


狀態 37

   23 Type: INT LMBR RMBR .

    $預設  使用規則 23 以縮減 (Type)


狀態 38

   11 VarDec: Type IDENTIFIER SEMI .

    $預設  使用規則 11 以縮減 (VarDec)


狀態 39

    2 MainClass: CLASS IDENTIFIER LLBR PUBLIC STATIC VOID MAIN LSBR STRING LMBR . RMBR IDENTIFIER RSBR LLBR Statement RLBR RLBR

    RMBR  偏移，並進入狀態 41


狀態 40

   22 MethodDec: PUBLIC Type IDENTIFIER LSBR . TypeIds RSBR LLBR VarDecs Statements RETURN Expression SEMI RLBR

    IDENTIFIER  偏移，並進入狀態 22
    BOOLEAN     偏移，並進入狀態 23
    INT         偏移，並進入狀態 24

    $預設  使用規則 13 以縮減 (TypeIds)

    TypeIds  進入狀態 42
    Type     進入狀態 43


狀態 41

    2 MainClass: CLASS IDENTIFIER LLBR PUBLIC STATIC VOID MAIN LSBR STRING LMBR RMBR . IDENTIFIER RSBR LLBR Statement RLBR RLBR

    IDENTIFIER  偏移，並進入狀態 44


狀態 42

   22 MethodDec: PUBLIC Type IDENTIFIER LSBR TypeIds . RSBR LLBR VarDecs Statements RETURN Expression SEMI RLBR

    RSBR  偏移，並進入狀態 45


狀態 43

   12 TypeIds: Type . IDENTIFIER TypeIds0

    IDENTIFIER  偏移，並進入狀態 46


狀態 44

    2 MainClass: CLASS IDENTIFIER LLBR PUBLIC STATIC VOID MAIN LSBR STRING LMBR RMBR IDENTIFIER . RSBR LLBR Statement RLBR RLBR

    RSBR  偏移，並進入狀態 47


狀態 45

   22 MethodDec: PUBLIC Type IDENTIFIER LSBR TypeIds RSBR . LLBR VarDecs Statements RETURN Expression SEMI RLBR

    LLBR  偏移，並進入狀態 48


狀態 46

   12 TypeIds: Type IDENTIFIER . TypeIds0

    COMMA  偏移，並進入狀態 49

    COMMA    [使用規則 17 以縮減 (TypeIds1)]
    RSBR     使用規則 15 以縮減 (TypeIds0)
    RSBR     [使用規則 17 以縮減 (TypeIds1)]
    $預設  使用規則 15 以縮減 (TypeIds0)

    TypeIds0  進入狀態 50
    TypeIds1  進入狀態 51


狀態 47

    2 MainClass: CLASS IDENTIFIER LLBR PUBLIC STATIC VOID MAIN LSBR STRING LMBR RMBR IDENTIFIER RSBR . LLBR Statement RLBR RLBR

    LLBR  偏移，並進入狀態 52


狀態 48

   22 MethodDec: PUBLIC Type IDENTIFIER LSBR TypeIds RSBR LLBR . VarDecs Statements RETURN Expression SEMI RLBR

    $預設  使用規則 10 以縮減 (VarDecs)

    VarDecs  進入狀態 53


狀態 49

   16 TypeIds1: COMMA . Type IDENTIFIER

    IDENTIFIER  偏移，並進入狀態 22
    BOOLEAN     偏移，並進入狀態 23
    INT         偏移，並進入狀態 24

    Type  進入狀態 54


狀態 50

   12 TypeIds: Type IDENTIFIER TypeIds0 .

    $預設  使用規則 12 以縮減 (TypeIds)


狀態 51

   14 TypeIds0: TypeIds1 . TypeIds1

    COMMA  偏移，並進入狀態 49

    $預設  使用規則 17 以縮減 (TypeIds1)

    TypeIds1  進入狀態 55


狀態 52

    2 MainClass: CLASS IDENTIFIER LLBR PUBLIC STATIC VOID MAIN LSBR STRING LMBR RMBR IDENTIFIER RSBR LLBR . Statement RLBR RLBR

    LLBR        偏移，並進入狀態 56
    IDENTIFIER  偏移，並進入狀態 57
    SYSPRINT    偏移，並進入狀態 58
    WHILE       偏移，並進入狀態 59
    IF          偏移，並進入狀態 60

    Statement  進入狀態 61


狀態 53

    9 VarDecs: VarDecs . VarDec
   22 MethodDec: PUBLIC Type IDENTIFIER LSBR TypeIds RSBR LLBR VarDecs . Statements RETURN Expression SEMI RLBR

    LLBR        偏移，並進入狀態 56
    IDENTIFIER  偏移，並進入狀態 62
    BOOLEAN     偏移，並進入狀態 23
    INT         偏移，並進入狀態 24
    SYSPRINT    偏移，並進入狀態 58
    WHILE       偏移，並進入狀態 59
    IF          偏移，並進入狀態 60

    $預設  使用規則 19 以縮減 (Statements)

    VarDec      進入狀態 25
    Statements  進入狀態 63
    Type        進入狀態 28
    Statement   進入狀態 64


狀態 54

   16 TypeIds1: COMMA Type . IDENTIFIER

    IDENTIFIER  偏移，並進入狀態 65


狀態 55

   14 TypeIds0: TypeIds1 TypeIds1 .

    $預設  使用規則 14 以縮減 (TypeIds0)


狀態 56

   29 Statement: LLBR . Statements RLBR

    LLBR        偏移，並進入狀態 56
    IDENTIFIER  偏移，並進入狀態 57
    SYSPRINT    偏移，並進入狀態 58
    WHILE       偏移，並進入狀態 59
    IF          偏移，並進入狀態 60

    $預設  使用規則 19 以縮減 (Statements)

    Statements  進入狀態 66
    Statement   進入狀態 64


狀態 57

   33 Statement: IDENTIFIER . IDENTIFIERX

    LMBR  偏移，並進入狀態 67
    EQ    偏移，並進入狀態 68

    IDENTIFIERX  進入狀態 69


狀態 58

   32 Statement: SYSPRINT . LSBR Expression RSBR SEMI

    LSBR  偏移，並進入狀態 70


狀態 59

   31 Statement: WHILE . LSBR Expression RSBR Statement

    LSBR  偏移，並進入狀態 71


狀態 60

   30 Statement: IF . LSBR Expression RSBR Statement ELSE Statement

    LSBR  偏移，並進入狀態 72


狀態 61

    2 MainClass: CLASS IDENTIFIER LLBR PUBLIC STATIC VOID MAIN LSBR STRING LMBR RMBR IDENTIFIER RSBR LLBR Statement . RLBR RLBR

    RLBR  偏移，並進入狀態 73


狀態 62

   26 Type: IDENTIFIER .
   33 Statement: IDENTIFIER . IDENTIFIERX

    LMBR  偏移，並進入狀態 67
    EQ    偏移，並進入狀態 68

    $預設  使用規則 26 以縮減 (Type)

    IDENTIFIERX  進入狀態 69


狀態 63

   22 MethodDec: PUBLIC Type IDENTIFIER LSBR TypeIds RSBR LLBR VarDecs Statements . RETURN Expression SEMI RLBR

    RETURN  偏移，並進入狀態 74


狀態 64

   18 Statements: Statement . Statements

    LLBR        偏移，並進入狀態 56
    IDENTIFIER  偏移，並進入狀態 57
    SYSPRINT    偏移，並進入狀態 58
    WHILE       偏移，並進入狀態 59
    IF          偏移，並進入狀態 60

    $預設  使用規則 19 以縮減 (Statements)

    Statements  進入狀態 75
    Statement   進入狀態 64


狀態 65

   16 TypeIds1: COMMA Type IDENTIFIER .

    $預設  使用規則 16 以縮減 (TypeIds1)


狀態 66

   29 Statement: LLBR Statements . RLBR

    RLBR  偏移，並進入狀態 76


狀態 67

   27 IDENTIFIERX: LMBR . Expression RMBR EQ Expression SEMI

    LSBR        偏移，並進入狀態 77
    IDENTIFIER  偏移，並進入狀態 78
    EXCLA       偏移，並進入狀態 79
    NEW         偏移，並進入狀態 80
    INT_LIT     偏移，並進入狀態 81
    THIS        偏移，並進入狀態 82
    FALSE       偏移，並進入狀態 83
    TRUE        偏移，並進入狀態 84

    Expression  進入狀態 85


狀態 68

   28 IDENTIFIERX: EQ . Expression SEMI

    LSBR        偏移，並進入狀態 77
    IDENTIFIER  偏移，並進入狀態 78
    EXCLA       偏移，並進入狀態 79
    NEW         偏移，並進入狀態 80
    INT_LIT     偏移，並進入狀態 81
    THIS        偏移，並進入狀態 82
    FALSE       偏移，並進入狀態 83
    TRUE        偏移，並進入狀態 84

    Expression  進入狀態 86


狀態 69

   33 Statement: IDENTIFIER IDENTIFIERX .

    $預設  使用規則 33 以縮減 (Statement)


狀態 70

   32 Statement: SYSPRINT LSBR . Expression RSBR SEMI

    LSBR        偏移，並進入狀態 77
    IDENTIFIER  偏移，並進入狀態 78
    EXCLA       偏移，並進入狀態 79
    NEW         偏移，並進入狀態 80
    INT_LIT     偏移，並進入狀態 81
    THIS        偏移，並進入狀態 82
    FALSE       偏移，並進入狀態 83
    TRUE        偏移，並進入狀態 84

    Expression  進入狀態 87


狀態 71

   31 Statement: WHILE LSBR . Expression RSBR Statement

    LSBR        偏移，並進入狀態 77
    IDENTIFIER  偏移，並進入狀態 78
    EXCLA       偏移，並進入狀態 79
    NEW         偏移，並進入狀態 80
    INT_LIT     偏移，並進入狀態 81
    THIS        偏移，並進入狀態 82
    FALSE       偏移，並進入狀態 83
    TRUE        偏移，並進入狀態 84

    Expression  進入狀態 88


狀態 72

   30 Statement: IF LSBR . Expression RSBR Statement ELSE Statement

    LSBR        偏移，並進入狀態 77
    IDENTIFIER  偏移，並進入狀態 78
    EXCLA       偏移，並進入狀態 79
    NEW         偏移，並進入狀態 80
    INT_LIT     偏移，並進入狀態 81
    THIS        偏移，並進入狀態 82
    FALSE       偏移，並進入狀態 83
    TRUE        偏移，並進入狀態 84

    Expression  進入狀態 89


狀態 73

    2 MainClass: CLASS IDENTIFIER LLBR PUBLIC STATIC VOID MAIN LSBR STRING LMBR RMBR IDENTIFIER RSBR LLBR Statement RLBR . RLBR

    RLBR  偏移，並進入狀態 90


狀態 74

   22 MethodDec: PUBLIC Type IDENTIFIER LSBR TypeIds RSBR LLBR VarDecs Statements RETURN . Expression SEMI RLBR

    LSBR        偏移，並進入狀態 77
    IDENTIFIER  偏移，並進入狀態 78
    EXCLA       偏移，並進入狀態 79
    NEW         偏移，並進入狀態 80
    INT_LIT     偏移，並進入狀態 81
    THIS        偏移，並進入狀態 82
    FALSE       偏移，並進入狀態 83
    TRUE        偏移，並進入狀態 84

    Expression  進入狀態 91


狀態 75

   18 Statements: Statement Statements .

    $預設  使用規則 18 以縮減 (Statements)


狀態 76

   29 Statement: LLBR Statements RLBR .

    $預設  使用規則 29 以縮減 (Statement)


狀態 77

   56 Expression: LSBR . Expression RSBR

    LSBR        偏移，並進入狀態 77
    IDENTIFIER  偏移，並進入狀態 78
    EXCLA       偏移，並進入狀態 79
    NEW         偏移，並進入狀態 80
    INT_LIT     偏移，並進入狀態 81
    THIS        偏移，並進入狀態 82
    FALSE       偏移，並進入狀態 83
    TRUE        偏移，並進入狀態 84

    Expression  進入狀態 92


狀態 78

   51 Expression: IDENTIFIER .

    $預設  使用規則 51 以縮減 (Expression)


狀態 79

   55 Expression: EXCLA . Expression

    LSBR        偏移，並進入狀態 77
    IDENTIFIER  偏移，並進入狀態 78
    EXCLA       偏移，並進入狀態 79
    NEW         偏移，並進入狀態 80
    INT_LIT     偏移，並進入狀態 81
    THIS        偏移，並進入狀態 82
    FALSE       偏移，並進入狀態 83
    TRUE        偏移，並進入狀態 84

    Expression  進入狀態 93


狀態 80

   53 Expression: NEW . INT LMBR Expression RMBR
   54           | NEW . IDENTIFIER LSBR RSBR

    IDENTIFIER  偏移，並進入狀態 94
    INT         偏移，並進入狀態 95


狀態 81

   48 Expression: INT_LIT .

    $預設  使用規則 48 以縮減 (Expression)


狀態 82

   52 Expression: THIS .

    $預設  使用規則 52 以縮減 (Expression)


狀態 83

   50 Expression: FALSE .

    $預設  使用規則 50 以縮減 (Expression)


狀態 84

   49 Expression: TRUE .

    $預設  使用規則 49 以縮減 (Expression)


狀態 85

   27 IDENTIFIERX: LMBR Expression . RMBR EQ Expression SEMI
   44 Expression: Expression . Operator Expression
   45           | Expression . LMBR Expression RMBR
   46           | Expression . PERIOD LENGTH
   47           | Expression . PERIOD IDENTIFIER LSBR Expressions RSBR

    PERIOD  偏移，並進入狀態 96
    RMBR    偏移，並進入狀態 97
    LMBR    偏移，並進入狀態 98
    STAR    偏移，並進入狀態 99
    MINUS   偏移，並進入狀態 100
    ADD     偏移，並進入狀態 101
    LESS    偏移，並進入狀態 102
    AND     偏移，並進入狀態 103

    Operator  進入狀態 104


狀態 86

   28 IDENTIFIERX: EQ Expression . SEMI
   44 Expression: Expression . Operator Expression
   45           | Expression . LMBR Expression RMBR
   46           | Expression . PERIOD LENGTH
   47           | Expression . PERIOD IDENTIFIER LSBR Expressions RSBR

    PERIOD  偏移，並進入狀態 96
    SEMI    偏移，並進入狀態 105
    LMBR    偏移，並進入狀態 98
    STAR    偏移，並進入狀態 99
    MINUS   偏移，並進入狀態 100
    ADD     偏移，並進入狀態 101
    LESS    偏移，並進入狀態 102
    AND     偏移，並進入狀態 103

    Operator  進入狀態 104


狀態 87

   32 Statement: SYSPRINT LSBR Expression . RSBR SEMI
   44 Expression: Expression . Operator Expression
   45           | Expression . LMBR Expression RMBR
   46           | Expression . PERIOD LENGTH
   47           | Expression . PERIOD IDENTIFIER LSBR Expressions RSBR

    PERIOD  偏移，並進入狀態 96
    RSBR    偏移，並進入狀態 106
    LMBR    偏移，並進入狀態 98
    STAR    偏移，並進入狀態 99
    MINUS   偏移，並進入狀態 100
    ADD     偏移，並進入狀態 101
    LESS    偏移，並進入狀態 102
    AND     偏移，並進入狀態 103

    Operator  進入狀態 104


狀態 88

   31 Statement: WHILE LSBR Expression . RSBR Statement
   44 Expression: Expression . Operator Expression
   45           | Expression . LMBR Expression RMBR
   46           | Expression . PERIOD LENGTH
   47           | Expression . PERIOD IDENTIFIER LSBR Expressions RSBR

    PERIOD  偏移，並進入狀態 96
    RSBR    偏移，並進入狀態 107
    LMBR    偏移，並進入狀態 98
    STAR    偏移，並進入狀態 99
    MINUS   偏移，並進入狀態 100
    ADD     偏移，並進入狀態 101
    LESS    偏移，並進入狀態 102
    AND     偏移，並進入狀態 103

    Operator  進入狀態 104


狀態 89

   30 Statement: IF LSBR Expression . RSBR Statement ELSE Statement
   44 Expression: Expression . Operator Expression
   45           | Expression . LMBR Expression RMBR
   46           | Expression . PERIOD LENGTH
   47           | Expression . PERIOD IDENTIFIER LSBR Expressions RSBR

    PERIOD  偏移，並進入狀態 96
    RSBR    偏移，並進入狀態 108
    LMBR    偏移，並進入狀態 98
    STAR    偏移，並進入狀態 99
    MINUS   偏移，並進入狀態 100
    ADD     偏移，並進入狀態 101
    LESS    偏移，並進入狀態 102
    AND     偏移，並進入狀態 103

    Operator  進入狀態 104


狀態 90

    2 MainClass: CLASS IDENTIFIER LLBR PUBLIC STATIC VOID MAIN LSBR STRING LMBR RMBR IDENTIFIER RSBR LLBR Statement RLBR RLBR .

    $預設  使用規則 2 以縮減 (MainClass)


狀態 91

   22 MethodDec: PUBLIC Type IDENTIFIER LSBR TypeIds RSBR LLBR VarDecs Statements RETURN Expression . SEMI RLBR
   44 Expression: Expression . Operator Expression
   45           | Expression . LMBR Expression RMBR
   46           | Expression . PERIOD LENGTH
   47           | Expression . PERIOD IDENTIFIER LSBR Expressions RSBR

    PERIOD  偏移，並進入狀態 96
    SEMI    偏移，並進入狀態 109
    LMBR    偏移，並進入狀態 98
    STAR    偏移，並進入狀態 99
    MINUS   偏移，並進入狀態 100
    ADD     偏移，並進入狀態 101
    LESS    偏移，並進入狀態 102
    AND     偏移，並進入狀態 103

    Operator  進入狀態 104


狀態 92

   44 Expression: Expression . Operator Expression
   45           | Expression . LMBR Expression RMBR
   46           | Expression . PERIOD LENGTH
   47           | Expression . PERIOD IDENTIFIER LSBR Expressions RSBR
   56           | LSBR Expression . RSBR

    PERIOD  偏移，並進入狀態 96
    RSBR    偏移，並進入狀態 110
    LMBR    偏移，並進入狀態 98
    STAR    偏移，並進入狀態 99
    MINUS   偏移，並進入狀態 100
    ADD     偏移，並進入狀態 101
    LESS    偏移，並進入狀態 102
    AND     偏移，並進入狀態 103

    Operator  進入狀態 104


狀態 93

   44 Expression: Expression . Operator Expression
   45           | Expression . LMBR Expression RMBR
   46           | Expression . PERIOD LENGTH
   47           | Expression . PERIOD IDENTIFIER LSBR Expressions RSBR
   55           | EXCLA Expression .

    STAR   偏移，並進入狀態 99
    MINUS  偏移，並進入狀態 100
    ADD    偏移，並進入狀態 101
    LESS   偏移，並進入狀態 102
    AND    偏移，並進入狀態 103

    $預設  使用規則 55 以縮減 (Expression)

    Operator  進入狀態 104


狀態 94

   54 Expression: NEW IDENTIFIER . LSBR RSBR

    LSBR  偏移，並進入狀態 111


狀態 95

   53 Expression: NEW INT . LMBR Expression RMBR

    LMBR  偏移，並進入狀態 112


狀態 96

   46 Expression: Expression PERIOD . LENGTH
   47           | Expression PERIOD . IDENTIFIER LSBR Expressions RSBR

    LENGTH      偏移，並進入狀態 113
    IDENTIFIER  偏移，並進入狀態 114


狀態 97

   27 IDENTIFIERX: LMBR Expression RMBR . EQ Expression SEMI

    EQ  偏移，並進入狀態 115


狀態 98

   45 Expression: Expression LMBR . Expression RMBR

    LSBR        偏移，並進入狀態 77
    IDENTIFIER  偏移，並進入狀態 78
    EXCLA       偏移，並進入狀態 79
    NEW         偏移，並進入狀態 80
    INT_LIT     偏移，並進入狀態 81
    THIS        偏移，並進入狀態 82
    FALSE       偏移，並進入狀態 83
    TRUE        偏移，並進入狀態 84

    Expression  進入狀態 116


狀態 99

   38 Operator: STAR .

    $預設  使用規則 38 以縮減 (Operator)


狀態 100

   37 Operator: MINUS .

    $預設  使用規則 37 以縮減 (Operator)


狀態 101

   36 Operator: ADD .

    $預設  使用規則 36 以縮減 (Operator)


狀態 102

   35 Operator: LESS .

    $預設  使用規則 35 以縮減 (Operator)


狀態 103

   34 Operator: AND .

    $預設  使用規則 34 以縮減 (Operator)


狀態 104

   44 Expression: Expression Operator . Expression

    LSBR        偏移，並進入狀態 77
    IDENTIFIER  偏移，並進入狀態 78
    EXCLA       偏移，並進入狀態 79
    NEW         偏移，並進入狀態 80
    INT_LIT     偏移，並進入狀態 81
    THIS        偏移，並進入狀態 82
    FALSE       偏移，並進入狀態 83
    TRUE        偏移，並進入狀態 84

    Expression  進入狀態 117


狀態 105

   28 IDENTIFIERX: EQ Expression SEMI .

    $預設  使用規則 28 以縮減 (IDENTIFIERX)


狀態 106

   32 Statement: SYSPRINT LSBR Expression RSBR . SEMI

    SEMI  偏移，並進入狀態 118


狀態 107

   31 Statement: WHILE LSBR Expression RSBR . Statement

    LLBR        偏移，並進入狀態 56
    IDENTIFIER  偏移，並進入狀態 57
    SYSPRINT    偏移，並進入狀態 58
    WHILE       偏移，並進入狀態 59
    IF          偏移，並進入狀態 60

    Statement  進入狀態 119


狀態 108

   30 Statement: IF LSBR Expression RSBR . Statement ELSE Statement

    LLBR        偏移，並進入狀態 56
    IDENTIFIER  偏移，並進入狀態 57
    SYSPRINT    偏移，並進入狀態 58
    WHILE       偏移，並進入狀態 59
    IF          偏移，並進入狀態 60

    Statement  進入狀態 120


狀態 109

   22 MethodDec: PUBLIC Type IDENTIFIER LSBR TypeIds RSBR LLBR VarDecs Statements RETURN Expression SEMI . RLBR

    RLBR  偏移，並進入狀態 121


狀態 110

   56 Expression: LSBR Expression RSBR .

    $預設  使用規則 56 以縮減 (Expression)


狀態 111

   54 Expression: NEW IDENTIFIER LSBR . RSBR

    RSBR  偏移，並進入狀態 122


狀態 112

   53 Expression: NEW INT LMBR . Expression RMBR

    LSBR        偏移，並進入狀態 77
    IDENTIFIER  偏移，並進入狀態 78
    EXCLA       偏移，並進入狀態 79
    NEW         偏移，並進入狀態 80
    INT_LIT     偏移，並進入狀態 81
    THIS        偏移，並進入狀態 82
    FALSE       偏移，並進入狀態 83
    TRUE        偏移，並進入狀態 84

    Expression  進入狀態 123


狀態 113

   46 Expression: Expression PERIOD LENGTH .

    $預設  使用規則 46 以縮減 (Expression)


狀態 114

   47 Expression: Expression PERIOD IDENTIFIER . LSBR Expressions RSBR

    LSBR  偏移，並進入狀態 124


狀態 115

   27 IDENTIFIERX: LMBR Expression RMBR EQ . Expression SEMI

    LSBR        偏移，並進入狀態 77
    IDENTIFIER  偏移，並進入狀態 78
    EXCLA       偏移，並進入狀態 79
    NEW         偏移，並進入狀態 80
    INT_LIT     偏移，並進入狀態 81
    THIS        偏移，並進入狀態 82
    FALSE       偏移，並進入狀態 83
    TRUE        偏移，並進入狀態 84

    Expression  進入狀態 125


狀態 116

   44 Expression: Expression . Operator Expression
   45           | Expression . LMBR Expression RMBR
   45           | Expression LMBR Expression . RMBR
   46           | Expression . PERIOD LENGTH
   47           | Expression . PERIOD IDENTIFIER LSBR Expressions RSBR

    PERIOD  偏移，並進入狀態 96
    RMBR    偏移，並進入狀態 126
    LMBR    偏移，並進入狀態 98
    STAR    偏移，並進入狀態 99
    MINUS   偏移，並進入狀態 100
    ADD     偏移，並進入狀態 101
    LESS    偏移，並進入狀態 102
    AND     偏移，並進入狀態 103

    Operator  進入狀態 104


狀態 117

   44 Expression: Expression . Operator Expression
   44           | Expression Operator Expression .
   45           | Expression . LMBR Expression RMBR
   46           | Expression . PERIOD LENGTH
   47           | Expression . PERIOD IDENTIFIER LSBR Expressions RSBR

    PERIOD  偏移，並進入狀態 96
    LMBR    偏移，並進入狀態 98
    STAR    偏移，並進入狀態 99
    MINUS   偏移，並進入狀態 100
    ADD     偏移，並進入狀態 101
    LESS    偏移，並進入狀態 102
    AND     偏移，並進入狀態 103

    PERIOD   [使用規則 44 以縮減 (Expression)]
    LMBR     [使用規則 44 以縮減 (Expression)]
    STAR     [使用規則 44 以縮減 (Expression)]
    MINUS    [使用規則 44 以縮減 (Expression)]
    ADD      [使用規則 44 以縮減 (Expression)]
    LESS     [使用規則 44 以縮減 (Expression)]
    AND      [使用規則 44 以縮減 (Expression)]
    $預設  使用規則 44 以縮減 (Expression)

    Operator  進入狀態 104


狀態 118

   32 Statement: SYSPRINT LSBR Expression RSBR SEMI .

    $預設  使用規則 32 以縮減 (Statement)


狀態 119

   31 Statement: WHILE LSBR Expression RSBR Statement .

    $預設  使用規則 31 以縮減 (Statement)


狀態 120

   30 Statement: IF LSBR Expression RSBR Statement . ELSE Statement

    ELSE  偏移，並進入狀態 127


狀態 121

   22 MethodDec: PUBLIC Type IDENTIFIER LSBR TypeIds RSBR LLBR VarDecs Statements RETURN Expression SEMI RLBR .

    $預設  使用規則 22 以縮減 (MethodDec)


狀態 122

   54 Expression: NEW IDENTIFIER LSBR RSBR .

    $預設  使用規則 54 以縮減 (Expression)


狀態 123

   44 Expression: Expression . Operator Expression
   45           | Expression . LMBR Expression RMBR
   46           | Expression . PERIOD LENGTH
   47           | Expression . PERIOD IDENTIFIER LSBR Expressions RSBR
   53           | NEW INT LMBR Expression . RMBR

    PERIOD  偏移，並進入狀態 96
    RMBR    偏移，並進入狀態 128
    LMBR    偏移，並進入狀態 98
    STAR    偏移，並進入狀態 99
    MINUS   偏移，並進入狀態 100
    ADD     偏移，並進入狀態 101
    LESS    偏移，並進入狀態 102
    AND     偏移，並進入狀態 103

    Operator  進入狀態 104


狀態 124

   47 Expression: Expression PERIOD IDENTIFIER LSBR . Expressions RSBR

    LSBR        偏移，並進入狀態 77
    IDENTIFIER  偏移，並進入狀態 78
    EXCLA       偏移，並進入狀態 79
    NEW         偏移，並進入狀態 80
    INT_LIT     偏移，並進入狀態 81
    THIS        偏移，並進入狀態 82
    FALSE       偏移，並進入狀態 83
    TRUE        偏移，並進入狀態 84

    $預設  使用規則 40 以縮減 (Expressions)

    Expressions  進入狀態 129
    Expression   進入狀態 130


狀態 125

   27 IDENTIFIERX: LMBR Expression RMBR EQ Expression . SEMI
   44 Expression: Expression . Operator Expression
   45           | Expression . LMBR Expression RMBR
   46           | Expression . PERIOD LENGTH
   47           | Expression . PERIOD IDENTIFIER LSBR Expressions RSBR

    PERIOD  偏移，並進入狀態 96
    SEMI    偏移，並進入狀態 131
    LMBR    偏移，並進入狀態 98
    STAR    偏移，並進入狀態 99
    MINUS   偏移，並進入狀態 100
    ADD     偏移，並進入狀態 101
    LESS    偏移，並進入狀態 102
    AND     偏移，並進入狀態 103

    Operator  進入狀態 104


狀態 126

   45 Expression: Expression LMBR Expression RMBR .

    $預設  使用規則 45 以縮減 (Expression)


狀態 127

   30 Statement: IF LSBR Expression RSBR Statement ELSE . Statement

    LLBR        偏移，並進入狀態 56
    IDENTIFIER  偏移，並進入狀態 57
    SYSPRINT    偏移，並進入狀態 58
    WHILE       偏移，並進入狀態 59
    IF          偏移，並進入狀態 60

    Statement  進入狀態 132


狀態 128

   53 Expression: NEW INT LMBR Expression RMBR .

    $預設  使用規則 53 以縮減 (Expression)


狀態 129

   47 Expression: Expression PERIOD IDENTIFIER LSBR Expressions . RSBR

    RSBR  偏移，並進入狀態 133


狀態 130

   39 Expressions: Expression . Expression0
   44 Expression: Expression . Operator Expression
   45           | Expression . LMBR Expression RMBR
   46           | Expression . PERIOD LENGTH
   47           | Expression . PERIOD IDENTIFIER LSBR Expressions RSBR

    PERIOD  偏移，並進入狀態 96
    COMMA   偏移，並進入狀態 134
    LMBR    偏移，並進入狀態 98
    STAR    偏移，並進入狀態 99
    MINUS   偏移，並進入狀態 100
    ADD     偏移，並進入狀態 101
    LESS    偏移，並進入狀態 102
    AND     偏移，並進入狀態 103

    $預設  使用規則 42 以縮減 (Expression0)

    Operator     進入狀態 104
    Expression0  進入狀態 135
    Expression1  進入狀態 136


狀態 131

   27 IDENTIFIERX: LMBR Expression RMBR EQ Expression SEMI .

    $預設  使用規則 27 以縮減 (IDENTIFIERX)


狀態 132

   30 Statement: IF LSBR Expression RSBR Statement ELSE Statement .

    $預設  使用規則 30 以縮減 (Statement)


狀態 133

   47 Expression: Expression PERIOD IDENTIFIER LSBR Expressions RSBR .

    $預設  使用規則 47 以縮減 (Expression)


狀態 134

   43 Expression1: COMMA . Expression

    LSBR        偏移，並進入狀態 77
    IDENTIFIER  偏移，並進入狀態 78
    EXCLA       偏移，並進入狀態 79
    NEW         偏移，並進入狀態 80
    INT_LIT     偏移，並進入狀態 81
    THIS        偏移，並進入狀態 82
    FALSE       偏移，並進入狀態 83
    TRUE        偏移，並進入狀態 84

    Expression  進入狀態 137


狀態 135

   39 Expressions: Expression Expression0 .

    $預設  使用規則 39 以縮減 (Expressions)


狀態 136

   41 Expression0: Expression1 . Expression0

    COMMA  偏移，並進入狀態 134

    $預設  使用規則 42 以縮減 (Expression0)

    Expression0  進入狀態 138
    Expression1  進入狀態 136


狀態 137

   43 Expression1: COMMA Expression .
   44 Expression: Expression . Operator Expression
   45           | Expression . LMBR Expression RMBR
   46           | Expression . PERIOD LENGTH
   47           | Expression . PERIOD IDENTIFIER LSBR Expressions RSBR

    PERIOD  偏移，並進入狀態 96
    LMBR    偏移，並進入狀態 98
    STAR    偏移，並進入狀態 99
    MINUS   偏移，並進入狀態 100
    ADD     偏移，並進入狀態 101
    LESS    偏移，並進入狀態 102
    AND     偏移，並進入狀態 103

    $預設  使用規則 43 以縮減 (Expression1)

    Operator  進入狀態 104


狀態 138

   41 Expression0: Expression1 Expression0 .

    $預設  使用規則 41 以縮減 (Expression0)
